loading gene names ...
TIME STEP: 4
+++++++++++++++++++++++++++++++++++++++++++++++++++++++++++++++
Loading file for time 4...
Binarizing data with cutoff 0.0
Performing feature selection with variance threshold
Removing features that are the same in at least 0.1 samples
Data size: (4277, 4242)
Number of topics	Perplexity
Fitting 2 topics...
=================================================================
Average fit time: 153
Accuracy: -11791024 (+/- 1202838)

Topic #1:
LOC100333415, LOC101882452, LOC100329883, LOC101883669, LOC100535852, LOC100150578, LOC100537097, LOC101883646, LOC101883934, LOC101884938
Topic #2:
LOC100149536, LOC100330575, LOC100333957, LOC100149609, LOC100537445, LOC101884143, LOC100329860, LOC101885004, LOC101883255, LOC100005129
Perplexity: 3579

2	3579.874896587232
Fitting 3 topics...
=================================================================
Average fit time: 157
Accuracy: -11806654 (+/- 1202019)

Topic #1:
LOC100005129, LOC101883669, LOC100002045, LOC100330575, LOC100329883, LOC100150578, LOC101884938, LOC101883646, LOC100537097, LOC101883934
Topic #2:
LOC100537940, LOC100329883, LOC101883669, LOC101882511, LOC101882502, LOC100536728, LOC100535852, LOC100333355, LOC100536312, LOC100537097
Topic #3:
LOC100331576, LOC101884143, LOC100149609, LOC100005129, LOC100332020, LOC100329818, LOC101884969, LOC100330575, LOC101883255, LOC100333957
Perplexity: 3570

3	3570.261725825388
Fitting 4 topics...
=================================================================
Average fit time: 172
Accuracy: -11820781 (+/- 1200802)

Topic #1:
LOC101883970, LOC101882472, LOC100149536, LOC101882452, LOC101883197, LOC100535852, LOC100334776, LOC101882592, LOC101884938, LOC101883669
Topic #2:
LOC100537940, LOC100537109, LOC101883646, LOC101883970, LOC100333957, LOC100330575, LOC100005129, LOC100536664, LOC101884143, LOC101883255
Topic #3:
LOC101883391, LOC100536894, LOC100331576, LOC100007445, LOC100149514, LOC100150003, LOC101883771, LOC100329885, LOC101883634, LOC101883308
Topic #4:
LOC100005713, LOC101882452, LOC100329883, LOC101883934, LOC101884938, LOC100003669, LOC100537097, LOC100535852, LOC100333415, LOC100001832
Perplexity: 3546

4	3546.439308951945
Fitting 5 topics...
=================================================================
Average fit time: 1888
Accuracy: -11838143 (+/- 1200627)

Topic #1:
LOC101882770, LOC101883525, LOC100004057, LOC100003669, LOC100537991, LOC100332020, LOC100334776, LOC101882472, LOC101882592, LOC100535852
Topic #2:
LOC100002045, LOC101882592, LOC101884938, LOC100333415, LOC100150578, LOC100537097, LOC101882543, LOC100329883, LOC100535852, LOC101882452
Topic #3:
LOC101882566, LOC101883255, LOC100535852, LOC100333415, LOC100330575, LOC101883669, LOC100003669, LOC101884938, LOC100537097, LOC101883934
Topic #4:
LOC101883970, LOC100537445, LOC100537109, LOC100537940, LOC100330575, LOC100005129, LOC100333957, LOC100536664, LOC101884143, LOC101883255
Topic #5:
LOC100535772, LOC100534814, LOC101883598, LOC101883817, LOC100333844, LOC100150003, LOC100329818, LOC100332023, LOC100151309, LOC100329885
Perplexity: 3541

5	3541.890225808596
Fitting 6 topics...
=================================================================
Average fit time: 343
Accuracy: -11856947 (+/- 1200145)

Topic #1:
LOC100329883, LOC101884606, LOC101884938, LOC101882452, LOC101883934, LOC100003669, LOC100333415, LOC100001832, LOC100537097, LOC100535852
Topic #2:
LOC100002384, LOC100330575, LOC100150578, LOC100537940, LOC100333957, LOC101884897, LOC100149609, LOC100005129, LOC101883970, LOC101884143
Topic #3:
LOC101882566, LOC101882543, LOC101884143, LOC100002045, LOC101883385, LOC100150578, LOC101882452, LOC100537109, LOC100536664, LOC101883669
Topic #4:
LOC101882578, LOC100149931, LOC100537163, LOC101882203, LOC100334994, LOC100535852, LOC100332753, LOC101884938, LOC100334776, LOC100005713
Topic #5:
LOC100333355, LOC100329883, LOC101883646, LOC100333957, LOC101883669, LOC100330575, LOC101884143, LOC100005129, LOC100536664, LOC101883255
Topic #6:
LOC100149540, LOC101883308, LOC100535429, LOC101884706, LOC100333534, LOC101883768, LOC100534775, LOC100151309, LOC100535364, LOC100329818
Perplexity: 3550

6	3550.106786072211
Fitting 7 topics...
=================================================================
Average fit time: 1446
Accuracy: -11874798 (+/- 1202579)

Topic #1:
LOC100333514, LOC101884606, LOC100003669, LOC101883934, LOC101882452, LOC100537097, LOC101884938, LOC100333415, LOC100535852, LOC100001832
Topic #2:
LOC101884606, LOC100535852, LOC101882203, LOC101883934, LOC101882561, LOC101884222, LOC100003669, LOC101882592, LOC100537097, LOC101882452
Topic #3:
LOC100150003, LOC101883817, LOC100333534, LOC101884871, LOC100534814, LOC101883308, LOC101884621, LOC100536361, LOC100001991, LOC100535123
Topic #4:
LOC100537940, LOC100534995, LOC101885004, LOC100537445, LOC100149536, LOC100005129, LOC100536664, LOC101883255, LOC100333957, LOC101884143
Topic #5:
LOC100536312, LOC100536351, LOC100149536, LOC101884414, LOC101883525, LOC100536401, LOC100535429, LOC101883768, LOC100149609, LOC100537109
Topic #6:
LOC100537913, LOC100150578, LOC100002045, LOC100535454, LOC101883970, LOC100536664, LOC100537109, LOC101883646, LOC101883255, LOC100330575
Topic #7:
LOC101882667, LOC100534833, LOC101883322, LOC100538266, LOC101884323, LOC101883391, LOC100004057, LOC100537913, LOC100331576, LOC101884860
Perplexity: 3550

7	3550.2392305802637
Fitting 8 topics...
=================================================================
Average fit time: 3037
Accuracy: -11891330 (+/- 1198082)

Topic #1:
LOC101883970, LOC100538248, LOC101882452, LOC101882592, LOC101883646, LOC100537097, LOC101882301, LOC101883877, LOC101884938, LOC100535852
Topic #2:
LOC101883197, LOC100535364, LOC100535772, LOC101883598, LOC101883768, LOC100151309, LOC100536055, LOC100151287, LOC100000748, LOC100329818
Topic #3:
LOC100150003, LOC100331576, LOC101883634, LOC101884143, LOC100005129, LOC100331176, LOC100330575, LOC100149609, LOC100535473, LOC100005466
Topic #4:
LOC101884414, LOC101882482, LOC101884836, LOC100002045, LOC100004057, LOC101884938, LOC100536121, LOC100334776, LOC100536664, LOC100332020
Topic #5:
LOC100330543, LOC100537940, LOC101882095, LOC100537097, LOC100005129, LOC101883111, LOC100331283, LOC101884897, LOC100333916, LOC100537913
Topic #6:
LOC101883934, LOC101884938, LOC100150578, LOC101883669, LOC100537097, LOC100001832, LOC101882452, LOC100003669, LOC100333415, LOC100535852
Topic #7:
LOC100005129, LOC100330575, LOC101883646, LOC100329883, LOC100537109, LOC100333957, LOC101884143, LOC101883970, LOC100536664, LOC101883255
Topic #8:
LOC100148594, LOC100004988, LOC100536500, LOC101882805, LOC100535415, LOC101882481, LOC101883797, LOC101882555, LOC100007445, LOC100000504
Perplexity: 3547

8	3547.02043165071
+++++++++++++++++++++++++++++++++++++++++++++++++++++++++++++++

TIME STEP: 6
+++++++++++++++++++++++++++++++++++++++++++++++++++++++++++++++
Loading file for time 6...
Binarizing data with cutoff 0.0
Performing feature selection with variance threshold
Removing features that are the same in at least 0.1 samples
Data size: (5692, 5629)
Number of topics	Perplexity
Fitting 2 topics...
=================================================================
Average fit time: 240
Accuracy: -29357993 (+/- 1074376)

Topic #1:
LOC100537437, LOC100001845, LOC100333113, LOC100151589, LOC100537085, LOC101882200, LOC100333111, LOC100151073, LOC101885315, LOC101885319
Topic #2:
LOC100150282, LOC101885675, LOC101884799, LOC101884985, LOC100535945, LOC101884431, LOC100535257, LOC100001854, LOC100148497, LOC100006469
Perplexity: 4587

2	4587.838506502778
Fitting 3 topics...
=================================================================
Average fit time: 260
Accuracy: -29382315 (+/- 1083660)

Topic #1:
LOC100331884, LOC101882200, LOC100151589, LOC100333111, LOC100537085, LOC100333113, LOC100151073, LOC100001845, LOC101885315, LOC101885319
Topic #2:
LOC101883314, LOC101885690, LOC100534733, LOC101885413, LOC100334677, LOC100002601, LOC101886796, LOC100003496, LOC100151638, LOC100332920
Topic #3:
LOC100150282, LOC100537120, LOC101885807, LOC101885312, LOC100536927, LOC100151586, LOC101882063, LOC101884799, LOC101884972, LOC101883752
Perplexity: 4589

3	4589.115886221861
Fitting 4 topics...
=================================================================
Average fit time: 280
Accuracy: -29404571 (+/- 1079091)

Topic #1:
LOC100535473, LOC101885675, LOC101884985, LOC100535945, LOC101885233, LOC100148497, LOC100006469, LOC100001854, LOC101885604, LOC100002601
Topic #2:
LOC100329231, LOC100003496, LOC101886626, LOC101886268, LOC100331884, LOC100151589, LOC101885315, LOC100537085, LOC100001080, LOC101885319
Topic #3:
LOC101885499, LOC100536980, LOC100001845, LOC101885318, LOC100536927, LOC100331300, LOC101885319, LOC101882326, LOC101885315, LOC100538201
Topic #4:
LOC100535903, LOC101882438, LOC100330171, LOC101884638, LOC101884056, LOC101886327, LOC101886550, LOC100537853, LOC100329231, LOC101882854
Perplexity: 4570

4	4570.05195866155
Fitting 5 topics...
=================================================================
Average fit time: 303
Accuracy: -29432303 (+/- 1079671)

Topic #1:
LOC100333113, LOC101886730, LOC101883191, LOC100535417, LOC101882432, LOC101885318, LOC101882200, LOC100333111, LOC101885315, LOC101885319
Topic #2:
LOC100536890, LOC101882017, LOC100332920, LOC100535050, LOC100003496, LOC101885564, LOC101884696, LOC100537178, LOC101884393, LOC100001080
Topic #3:
LOC100536916, LOC100330886, LOC101886897, LOC101883442, LOC100537032, LOC101883946, LOC101885254, LOC100001845, LOC100534853, LOC100149388
Topic #4:
LOC101886796, LOC101882326, LOC100151589, LOC101885499, LOC100151073, LOC101884638, LOC100330151, LOC100332300, LOC100330171, LOC100537085
Topic #5:
LOC101884985, LOC100535945, LOC100535473, LOC101885675, LOC100148497, LOC101885233, LOC100001854, LOC100006469, LOC100002601, LOC101885604
Perplexity: 4574

5	4574.68176664661
Fitting 6 topics...
=================================================================
Average fit time: 305
Accuracy: -29459572 (+/- 1080722)

Topic #1:
LOC101885233, LOC100148497, LOC100149997, LOC101884887, LOC100001854, LOC100333196, LOC101885604, LOC100006469, LOC100002601, LOC100535473
Topic #2:
LOC101885455, LOC101886630, LOC100535543, LOC100537085, LOC101885315, LOC100151073, LOC100537438, LOC101882552, LOC100001845, LOC100008037
Topic #3:
LOC100537085, LOC101882200, LOC100333113, LOC100151589, LOC101885315, LOC100535699, LOC100001845, LOC100149285, LOC101883191, LOC101885319
Topic #4:
LOC100331300, LOC101885992, LOC100003496, LOC100333807, LOC101885690, LOC101884619, LOC101885621, LOC101882714, LOC100151638, LOC101886327
Topic #5:
LOC101884038, LOC101882914, LOC101887101, LOC101884188, LOC100536980, LOC101886401, LOC101885315, LOC101886796, LOC100331884, LOC100151073
Topic #6:
LOC100537585, LOC101882710, LOC101884401, LOC100331422, LOC101885233, LOC101885675, LOC101882432, LOC100001854, LOC100330171, LOC100535945
Perplexity: 4577

6	4577.167939648981
Fitting 7 topics...
=================================================================
Average fit time: 324
Accuracy: -29486570 (+/- 1083670)

Topic #1:
LOC100002639, LOC101885838, LOC100330365, LOC100536922, LOC101883191, LOC100537085, LOC101883658, LOC100330886, LOC101885315, LOC101886840
Topic #2:
LOC101884985, LOC101885675, LOC100535945, LOC100535473, LOC100148497, LOC101885233, LOC100001854, LOC100006469, LOC101885604, LOC100002601
Topic #3:
LOC100150018, LOC101884217, LOC101886897, LOC100150106, LOC100536922, LOC100332418, LOC101886268, LOC100001854, LOC101882570, LOC100535046
Topic #4:
LOC100149240, LOC101885235, LOC100001845, LOC101882285, LOC101883314, LOC101882200, LOC101885319, LOC100333807, LOC100008037, LOC100537085
Topic #5:
LOC101882922, LOC100329657, LOC100535257, LOC100149940, LOC100333111, LOC101885318, LOC100538201, LOC100536666, LOC101885315, LOC101885319
Topic #6:
LOC101884235, LOC101885251, LOC101885312, LOC101886327, LOC101886245, LOC100537437, LOC101886550, LOC101884057, LOC100537585, LOC100151073
Topic #7:
LOC101882710, LOC101884799, LOC100149388, LOC101885859, LOC100332920, LOC100330358, LOC100151589, LOC101883658, LOC100331026, LOC101883985
Perplexity: 4588

7	4588.319678025384
Fitting 8 topics...
=================================================================
Average fit time: 363
Accuracy: -29513431 (+/- 1080102)

Topic #1:
LOC101885499, LOC101884439, LOC100329380, LOC100536666, LOC101885413, LOC101884178, LOC101886897, LOC101883977, LOC101885838, LOC100333012
Topic #2:
LOC101882063, LOC101882710, LOC101885332, LOC100333807, LOC101883958, LOC100536927, LOC101883985, LOC101882061, LOC101886685, LOC100537085
Topic #3:
LOC101886714, LOC100535257, LOC101882285, LOC100005512, LOC101884188, LOC100004768, LOC100334434, LOC101885358, LOC100333113, LOC100534841
Topic #4:
LOC101884439, LOC101885892, LOC101882342, LOC100330978, LOC100151406, LOC101884228, LOC100331356, LOC101884235, LOC100536112, LOC101886796
Topic #5:
LOC100333113, LOC100537969, LOC101883314, LOC100537085, LOC100331884, LOC101885319, LOC101885318, LOC100149283, LOC101885315, LOC101883576
Topic #6:
LOC100148497, LOC101885675, LOC101884887, LOC100333196, LOC100001854, LOC101885233, LOC100006469, LOC100535473, LOC100002601, LOC101885604
Topic #7:
LOC101884696, LOC101883153, LOC101882432, LOC101884439, LOC100330721, LOC100333111, LOC100537437, LOC100537585, LOC100001845, LOC101885319
Topic #8:
LOC100332907, LOC100332300, LOC101886777, LOC101883966, LOC100149223, LOC101884799, LOC101882772, LOC101886631, LOC100334979, LOC101886286
Perplexity: 4584

8	4584.473884109578
+++++++++++++++++++++++++++++++++++++++++++++++++++++++++++++++

TIME STEP: 8
+++++++++++++++++++++++++++++++++++++++++++++++++++++++++++++++
Loading file for time 8...
Binarizing data with cutoff 0.0
Performing feature selection with variance threshold
Removing features that are the same in at least 0.1 samples
Data size: (3568, 5687)
Number of topics	Perplexity
Fitting 2 topics...
=================================================================
Average fit time: 154
Accuracy: -17351889 (+/- 1750325)

Topic #1:
LOC100004265, LOC100331743, LOC101884900, LOC101885485, LOC100536231, LOC100331895, LOC100002905, LOC100000636, LOC100007481, LOC100002045
Topic #2:
LOC101884696, LOC101885191, LOC100535965, LOC101882149, LOC100333084, LOC101885651, LOC100150849, LOC101886708, LOC101883318, LOC100150038
Perplexity: 4607

2	4607.186280785671
Fitting 3 topics...
=================================================================
Average fit time: 148
Accuracy: -17371720 (+/- 1748403)

Topic #1:
LOC100535716, LOC101884900, LOC100332612, LOC100331743, LOC100535743, LOC100002045, LOC100000636, LOC100002905, LOC100536231, LOC100007481
Topic #2:
LOC101882365, LOC100333084, LOC101884696, LOC101885468, LOC101885651, LOC103908769, LOC101886708, LOC100535965, LOC101883318, LOC100150038
Topic #3:
LOC100535210, LOC100535231, LOC100002045, LOC100536981, LOC101882955, LOC100004265, LOC101886682, LOC100331884, LOC101885485, LOC100331895
Perplexity: 4599

3	4599.434005903957
Fitting 4 topics...
=================================================================
Average fit time: 192
Accuracy: -17392936 (+/- 1752550)

Topic #1:
LOC101886924, LOC101886682, LOC101886973, LOC100333509, LOC101882191, LOC101882337, LOC101882032, LOC100150038, LOC103908620, LOC101885485
Topic #2:
LOC100535985, LOC100535965, LOC100536595, LOC101885468, LOC100150849, LOC103908637, LOC101884422, LOC101883318, LOC100333084, LOC100150038
Topic #3:
LOC100331743, LOC101885811, LOC101886719, LOC100331895, LOC100535743, LOC100536231, LOC100000636, LOC100002905, LOC100007481, LOC100002045
Topic #4:
LOC101882031, LOC101882550, LOC101886327, LOC100329743, LOC101885651, LOC101884754, LOC100147988, LOC101885604, LOC100536376, LOC101882146
Perplexity: 4601

4	4601.891390374078
Fitting 5 topics...
=================================================================
Average fit time: 208
Accuracy: -17412780 (+/- 1750828)

Topic #1:
LOC100333351, LOC100149229, LOC101884285, LOC101885262, LOC100535965, LOC101886924, LOC101884490, LOC101884590, LOC100535671, LOC101885358
Topic #2:
LOC101883319, LOC103908769, LOC100329650, LOC101884422, LOC100535965, LOC101883318, LOC101882365, LOC100005187, LOC100150038, LOC101885468
Topic #3:
LOC101884308, LOC100331692, LOC101886336, LOC101884080, LOC100329690, LOC101882073, LOC101884405, LOC101884900, LOC100537915, LOC100331895
Topic #4:
LOC100332612, LOC101885811, LOC100535743, LOC100331743, LOC101886719, LOC100000636, LOC100536231, LOC100007481, LOC100002045, LOC100002905
Topic #5:
LOC101885431, LOC101885604, LOC100150849, LOC101882146, LOC101886280, LOC100004480, LOC101885651, LOC101882840, LOC101886708, LOC100150038
Perplexity: 4596

5	4596.085594602555
Fitting 6 topics...
=================================================================
Average fit time: 201
Accuracy: -17435181 (+/- 1749834)

Topic #1:
LOC101885470, LOC101886708, LOC101884532, LOC100329650, LOC100535965, LOC100537915, LOC100333084, LOC101883318, LOC101884696, LOC100150038
Topic #2:
LOC100538134, LOC100536424, LOC101885952, LOC100535079, LOC101885191, LOC100534875, LOC101885431, LOC101884525, LOC103908769, LOC101882365
Topic #3:
LOC100332612, LOC101884900, LOC100333325, LOC101885827, LOC100535743, LOC100000636, LOC100002905, LOC100536231, LOC100002045, LOC100007481
Topic #4:
LOC100333084, LOC101885358, LOC101882007, LOC100150892, LOC101885868, LOC100150038, LOC101885866, LOC101886790, LOC100334518, LOC100150849
Topic #5:
LOC100536981, LOC101885485, LOC100535231, LOC101885404, LOC100004265, LOC100007481, LOC100002045, LOC101884058, LOC100331884, LOC100331895
Topic #6:
LOC103908620, LOC101885084, LOC101885484, LOC101885485, LOC101886687, LOC101886685, LOC100331895, LOC103908815, LOC100535210, LOC101886682
Perplexity: 4604

6	4604.750942667151
Fitting 7 topics...
=================================================================
Average fit time: 228
Accuracy: -17454794 (+/- 1753982)

Topic #1:
LOC101886581, LOC100331456, LOC100534853, LOC100000636, LOC101884900, LOC100534822, LOC101884292, LOC101886682, LOC101886786, LOC100331895
Topic #2:
LOC100536595, LOC100537178, LOC101884770, LOC101885868, LOC100538287, LOC101884696, LOC101882571, LOC100535965, LOC101882365, LOC100535671
Topic #3:
LOC101885485, LOC100535743, LOC101885811, LOC101886719, LOC100331743, LOC100000636, LOC100536231, LOC100002045, LOC100007481, LOC100002905
Topic #4:
LOC101883319, LOC100329743, LOC100536977, LOC101885470, LOC101886708, LOC100333746, LOC101882337, LOC101883106, LOC101882929, LOC103908769
Topic #5:
LOC101885779, LOC100329743, LOC101884313, LOC101885358, LOC101884308, LOC101883447, LOC101886352, LOC101884292, LOC100332375, LOC101886790
Topic #6:
LOC100537760, LOC100333355, LOC101885926, LOC100333084, LOC101883498, LOC101884313, LOC100149966, LOC100150103, LOC103908673, LOC100150038
Topic #7:
LOC101884731, LOC100537161, LOC101882032, LOC101882955, LOC101885485, LOC100150038, LOC101884900, LOC100331895, LOC100004265, LOC100150849
Perplexity: 4610

7	4610.040931642373
Fitting 8 topics...
=================================================================
Average fit time: 210
Accuracy: -17478715 (+/- 1751985)

Topic #1:
LOC100331743, LOC100000636, LOC100332612, LOC100333325, LOC100007481, LOC100002905, LOC100536231, LOC100535716, LOC100535743, LOC100002045
Topic #2:
LOC100000636, LOC100151562, LOC100004265, LOC100007481, LOC100535969, LOC100002905, LOC101885322, LOC100537076, LOC100149227, LOC100150882
Topic #3:
LOC100330288, LOC101884058, LOC101886682, LOC101882955, LOC100536981, LOC101885742, LOC100331884, LOC101886685, LOC101886687, LOC100331895
Topic #4:
LOC101885191, LOC100536908, LOC101885468, LOC100150892, LOC101882337, LOC101885205, LOC101886327, LOC103908769, LOC100150849, LOC100150038
Topic #5:
LOC103908620, LOC101882804, LOC101882950, LOC100334604, LOC101885030, LOC101886973, LOC100333154, LOC100004480, LOC103908660, LOC101884770
Topic #6:
LOC100329743, LOC101884278, LOC101886493, LOC100535079, LOC101885651, LOC100331249, LOC100005187, LOC100329650, LOC100150038, LOC101883318
Topic #7:
LOC101884641, LOC100334312, LOC101886374, LOC103908769, LOC100536376, LOC101884696, LOC100331356, LOC100535969, LOC101883659, LOC101882365
Topic #8:
LOC100329944, LOC101886581, LOC100536102, LOC100333644, LOC101882007, LOC100331895, LOC100004265, LOC100002203, LOC101886790, LOC100334716
Perplexity: 4614

8	4614.843257402576
+++++++++++++++++++++++++++++++++++++++++++++++++++++++++++++++

TIME STEP: 10
+++++++++++++++++++++++++++++++++++++++++++++++++++++++++++++++
Loading file for time 10...
Binarizing data with cutoff 0.0
Performing feature selection with variance threshold
Removing features that are the same in at least 0.1 samples
Data size: (4280, 5845)
Number of topics	Perplexity
Fitting 2 topics...
=================================================================
Average fit time: 181
Accuracy: -21401566 (+/- 2379349)

Topic #1:
LOC101884228, LOC101886153, LOC100537178, LOC101887004, LOC100148657, LOC101882751, LOC101884871, LOC101882274, LOC101883044, LOC101887009
Topic #2:
LOC100332946, LOC100002813, LOC100151003, LOC100536630, LOC100334730, LOC100149241, LOC100535545, LOC100002818, LOC101887018, LOC100004768
Perplexity: 4795

2	4795.802624235734
Fitting 3 topics...
=================================================================
Average fit time: 212
Accuracy: -21412580 (+/- 2380696)

Topic #1:
LOC100331025, LOC100002818, LOC101886074, LOC100537764, LOC100333926, LOC101883374, LOC100538136, LOC101884281, LOC100148655, LOC101886073
Topic #2:
LOC100537860, LOC101887004, LOC100537178, LOC100148657, LOC101885637, LOC101882751, LOC101882274, LOC101884871, LOC101887009, LOC101883044
Topic #3:
LOC101887018, LOC101886111, LOC101885170, LOC100330283, LOC101883092, LOC101885076, LOC100334730, LOC100331045, LOC100002333, LOC100004768
Perplexity: 4758

3	4758.669835688668
Fitting 4 topics...
=================================================================
Average fit time: 218
Accuracy: -21431057 (+/- 2374332)

Topic #1:
LOC100536508, LOC100002813, LOC100329631, LOC100329948, LOC101883071, LOC101884525, LOC100333880, LOC100331045, LOC100537860, LOC101885779
Topic #2:
LOC101885945, LOC101886074, LOC100331025, LOC100004768, LOC100002818, LOC100537764, LOC100538136, LOC101886073, LOC101884281, LOC100148655
Topic #3:
LOC101882623, LOC101883092, LOC100332946, LOC100331045, LOC101887018, LOC101885182, LOC100004768, LOC101885076, LOC100000504, LOC100002333
Topic #4:
LOC101887004, LOC100537178, LOC100148704, LOC101886153, LOC101882751, LOC100148657, LOC101883044, LOC101884871, LOC101887009, LOC101882274
Perplexity: 4745

4	4745.7443423311615
Fitting 5 topics...
=================================================================
Average fit time: 231
Accuracy: -21451457 (+/- 2374863)

Topic #1:
LOC101885588, LOC100332833, LOC101882760, LOC101882400, LOC101887009, LOC100330990, LOC101884871, LOC101882255, LOC101882249, LOC101885376
Topic #2:
LOC100331045, LOC100331257, LOC100535545, LOC100331260, LOC100000504, LOC100004768, LOC101885076, LOC101885182, LOC101887018, LOC100002333
Topic #3:
LOC101883204, LOC101882751, LOC101885635, LOC100329837, LOC101885637, LOC100148657, LOC100535760, LOC101887009, LOC101882274, LOC101883044
Topic #4:
LOC100151419, LOC100331289, LOC100330556, LOC100330856, LOC101883187, LOC101886626, LOC100537942, LOC101883595, LOC100534833, LOC101886353
Topic #5:
LOC101886074, LOC101883374, LOC101885945, LOC100331025, LOC101884281, LOC100537764, LOC100333926, LOC100538136, LOC100148655, LOC101886073
Perplexity: 4729

5	4729.266570040358
Fitting 6 topics...
=================================================================
Average fit time: 246
Accuracy: -21472509 (+/- 2372075)

Topic #1:
LOC101886153, LOC101887004, LOC101885640, LOC101883059, LOC101884871, LOC101887009, LOC101882274, LOC100537178, LOC101883044, LOC100148704
Topic #2:
LOC101884281, LOC101883374, LOC101886074, LOC100331025, LOC101885945, LOC100538136, LOC100148655, LOC100537764, LOC100333926, LOC101886073
Topic #3:
LOC100535760, LOC101884871, LOC100334996, LOC100148657, LOC100538287, LOC101883044, LOC101886442, LOC101882274, LOC101885637, LOC101887009
Topic #4:
LOC100330779, LOC100535671, LOC100002333, LOC100000504, LOC100002818, LOC100150305, LOC100330283, LOC100004768, LOC100535545, LOC101887018
Topic #5:
LOC101886978, LOC100149241, LOC100537860, LOC100002813, LOC101884228, LOC100331045, LOC100537030, LOC100331257, LOC101885076, LOC100331260
Topic #6:
LOC100534833, LOC101885636, LOC100151419, LOC101883595, LOC101886626, LOC100330331, LOC100330554, LOC101883187, LOC100330556, LOC101886353
Perplexity: 4735

6	4735.673102758686
Fitting 7 topics...
=================================================================
Average fit time: 277
Accuracy: -21492909 (+/- 2375348)

Topic #1:
LOC100537883, LOC100537942, LOC101886626, LOC100330556, LOC101886353, LOC100151419, LOC100331054, LOC100538072, LOC100534833, LOC101883187
Topic #2:
LOC100331045, LOC100537030, LOC100331257, LOC100000504, LOC100004768, LOC101885076, LOC101887018, LOC100331260, LOC101885182, LOC100002333
Topic #3:
LOC100331542, LOC101882751, LOC101883044, LOC100334730, LOC103908910, LOC101885889, LOC100331594, LOC100331045, LOC101886825, LOC100005062
Topic #4:
LOC101882274, LOC101882254, LOC101886111, LOC101884228, LOC100333071, LOC100535806, LOC101882249, LOC101885830, LOC101884871, LOC100148704
Topic #5:
LOC100535545, LOC101886074, LOC100333926, LOC101884281, LOC100331025, LOC101885945, LOC100537764, LOC101886073, LOC100538136, LOC100148655
Topic #6:
LOC100330706, LOC100007007, LOC100332901, LOC101885588, LOC101887030, LOC100331594, LOC101882207, LOC101884524, LOC100149241, LOC101887009
Topic #7:
LOC101882255, LOC101884525, LOC100332459, LOC101882274, LOC101885637, LOC101882250, LOC100148657, LOC101882760, LOC101884028, LOC101885376
Perplexity: 4715

7	4715.636459409324
Fitting 8 topics...
=================================================================
Average fit time: 228
Accuracy: -21515939 (+/- 2374520)

Topic #1:
LOC100536156, LOC100330990, LOC101882254, LOC101882257, LOC101884524, LOC101884228, LOC101882760, LOC101887009, LOC101884871, LOC101885376
Topic #2:
LOC101884583, LOC100331045, LOC100537178, LOC101887009, LOC101883044, LOC101885640, LOC101882689, LOC101882274, LOC101885637, LOC101885642
Topic #3:
LOC101883374, LOC101886074, LOC100331025, LOC100334314, LOC101885945, LOC100538136, LOC100148655, LOC100333926, LOC100537764, LOC101886073
Topic #4:
LOC100331045, LOC101887018, LOC100004768, LOC100000504, LOC101885182, LOC100537030, LOC100002333, LOC100331257, LOC101885076, LOC100331260
Topic #5:
LOC100331045, LOC101882255, LOC100334861, LOC100330186, LOC101887009, LOC100536508, LOC101882751, LOC100148657, LOC101882274, LOC101883044
Topic #6:
LOC100000094, LOC101886442, LOC101886825, LOC103908704, LOC100334730, LOC100333880, LOC100002813, LOC100331377, LOC100537860, LOC100005062
Topic #7:
LOC100538072, LOC100331288, LOC100537942, LOC100330856, LOC100537883, LOC101886626, LOC100331289, LOC101885919, LOC100150353, LOC101883187
Topic #8:
LOC101883709, LOC100004768, LOC101885777, LOC100331422, LOC101886178, LOC100535545, LOC100150305, LOC101887098, LOC101884691, LOC101887018
Perplexity: 4721

8	4721.567190477636
+++++++++++++++++++++++++++++++++++++++++++++++++++++++++++++++

TIME STEP: 14
+++++++++++++++++++++++++++++++++++++++++++++++++++++++++++++++
Loading file for time 14...
Binarizing data with cutoff 0.0
Performing feature selection with variance threshold
Removing features that are the same in at least 0.1 samples
Data size: (4001, 6171)
Number of topics	Perplexity
Fitting 2 topics...
=================================================================
Average fit time: 162
Accuracy: -20032423 (+/- 1796838)

Topic #1:
LOC100331214, LOC100330415, LOC101883350, LOC101884673, LOC101882232, LOC101884305, LOC100331422, LOC101883113, LOC101882596, LOC101883746
Topic #2:
LOC101886956, LOC101883657, LOC103908915, LOC103909083, LOC100536116, LOC100331412, LOC100004978, LOC100535324, LOC101882247, LOC103908854
Perplexity: 4982

2	4982.057685174865
Fitting 3 topics...
=================================================================
Average fit time: 174
Accuracy: -20046249 (+/- 1796095)

Topic #1:
LOC101882257, LOC101883657, LOC103908915, LOC101883834, LOC100004978, LOC100536116, LOC100331412, LOC100535324, LOC103908854, LOC101882247
Topic #2:
LOC101883746, LOC101882592, LOC101882585, LOC101882593, LOC100535087, LOC101886305, LOC101883438, LOC101883113, LOC101884305, LOC101882587
Topic #3:
LOC100331045, LOC100331422, LOC103909261, LOC100000094, LOC101886293, LOC101882544, LOC101884976, LOC100537585, LOC100535345, LOC101886917
Perplexity: 4946

3	4946.399769093909
Fitting 4 topics...
=================================================================
Average fit time: 221
Accuracy: -20062044 (+/- 1789002)

Topic #1:
LOC101882135, LOC101882166, LOC100151049, LOC100535345, LOC101883987, LOC101883563, LOC103908612, LOC100331439, LOC100329425, LOC101886917
Topic #2:
LOC101883113, LOC101886156, LOC101884976, LOC101883746, LOC101886153, LOC101882545, LOC101884347, LOC101885368, LOC101883451, LOC103908848
Topic #3:
LOC100537805, LOC100150305, LOC100536511, LOC100331214, LOC100149676, LOC101886305, LOC100535016, LOC101884994, LOC101882745, LOC101883350
Topic #4:
LOC100535586, LOC101883049, LOC101882244, LOC100331845, LOC101886526, LOC101883834, LOC101882257, LOC101882247, LOC100331412, LOC100535324
Perplexity: 4912

4	4912.424474842002
Fitting 5 topics...
=================================================================
Average fit time: 390
Accuracy: -20082951 (+/- 1795351)

Topic #1:
LOC101885994, LOC101884384, LOC103908758, LOC100004978, LOC100329287, LOC103908912, LOC101885670, LOC100150305, LOC100538037, LOC100537805
Topic #2:
LOC100331676, LOC101886085, LOC101882232, LOC100001877, LOC101887111, LOC101886005, LOC100333821, LOC101886305, LOC100151192, LOC101882554
Topic #3:
LOC100536156, LOC101884974, LOC101882545, LOC101886153, LOC101882596, LOC101883451, LOC101884976, LOC101883746, LOC103908848, LOC101885368
Topic #4:
LOC100332343, LOC101882244, LOC101886526, LOC100331845, LOC101883049, LOC101882257, LOC101883834, LOC101882247, LOC100331412, LOC100535324
Topic #5:
LOC100005689, LOC100150305, LOC100005446, LOC100536119, LOC101883350, LOC100149669, LOC100004978, LOC101885686, LOC100002472, LOC103908854
Perplexity: 4913

5	4913.385825723679
Fitting 6 topics...
=================================================================
Average fit time: 333
Accuracy: -20100947 (+/- 1798492)

Topic #1:
LOC100331412, LOC101882244, LOC101886526, LOC100535324, LOC100333863, LOC101883834, LOC100333857, LOC100331845, LOC101883049, LOC100332343
Topic #2:
LOC101886917, LOC100151049, LOC100331045, LOC103909050, LOC100001767, LOC100330250, LOC100329425, LOC101884976, LOC103908999, LOC100535345
Topic #3:
LOC101886305, LOC101883746, LOC101883438, LOC101882596, LOC101882591, LOC100331400, LOC101882593, LOC101882587, LOC101882592, LOC101882585
Topic #4:
LOC100329287, LOC101885140, LOC100537369, LOC101886323, LOC101885187, LOC100537805, LOC100536894, LOC103908912, LOC100150305, LOC100004978
Topic #5:
LOC101885580, LOC100536119, LOC100150305, LOC100537716, LOC100537717, LOC100004978, LOC100331594, LOC101885686, LOC103908854, LOC100002472
Topic #6:
LOC101882232, LOC101882982, LOC100537585, LOC101882710, LOC101885368, LOC103908848, LOC101886156, LOC101886153, LOC101883451, LOC101886147
Perplexity: 4905

6	4905.404748144332
Fitting 7 topics...
=================================================================
Average fit time: 357
Accuracy: -20122522 (+/- 1794628)

Topic #1:
LOC100331214, LOC100150305, LOC100149443, LOC101882745, LOC100149676, LOC101883350, LOC101884994, LOC100334678, LOC100535016, LOC100004978
Topic #2:
LOC101885033, LOC100330805, LOC103908999, LOC101887156, LOC100149028, LOC101883987, LOC100330250, LOC100331957, LOC100331422, LOC101882987
Topic #3:
LOC101886323, LOC100534915, LOC100003530, LOC101885916, LOC101885529, LOC101885670, LOC101886093, LOC101883471, LOC103909261, LOC100538298
Topic #4:
LOC101882244, LOC100333857, LOC101883049, LOC101886526, LOC101882257, LOC100331845, LOC101883834, LOC101882247, LOC100331412, LOC100535324
Topic #5:
LOC100151049, LOC101886493, LOC101883987, LOC101882166, LOC100329425, LOC100535345, LOC101883563, LOC100331439, LOC103908612, LOC101886917
Topic #6:
LOC101884673, LOC101886156, LOC101884347, LOC101883746, LOC101886153, LOC101882545, LOC101884976, LOC101883451, LOC103908848, LOC101885368
Topic #7:
LOC101886960, LOC100537403, LOC101885685, LOC100535555, LOC101885686, LOC101885829, LOC101884726, LOC101885431, LOC100537437, LOC100536303
Perplexity: 4911

7	4911.391981974614
Fitting 8 topics...
=================================================================
Average fit time: 322
Accuracy: -20136789 (+/- 1783223)

Topic #1:
LOC100148988, LOC101885670, LOC100537590, LOC100538298, LOC103908912, LOC100535033, LOC100537805, LOC103909261, LOC101882545, LOC101884347
Topic #2:
LOC101885170, LOC100537805, LOC100536894, LOC101885187, LOC101884245, LOC101886754, LOC100333821, LOC100329287, LOC101886578, LOC100004978
Topic #3:
LOC100331214, LOC100535016, LOC100537809, LOC100149676, LOC100534851, LOC100536511, LOC101886305, LOC101885609, LOC100334678, LOC101883438
Topic #4:
LOC101882545, LOC100332306, LOC101883746, LOC101886153, LOC101882982, LOC101884347, LOC101886156, LOC103908848, LOC101883451, LOC101886147
Topic #5:
LOC100333863, LOC100333857, LOC101886526, LOC100332343, LOC101883834, LOC100331845, LOC101882247, LOC101883049, LOC100331412, LOC100535324
Topic #6:
LOC100329425, LOC101886493, LOC101882166, LOC100151049, LOC100535345, LOC101883987, LOC103908612, LOC101883563, LOC100331439, LOC101886917
Topic #7:
LOC100536119, LOC100537708, LOC101884644, LOC100537698, LOC100002472, LOC100537702, LOC100537720, LOC100537716, LOC100331594, LOC100537717
Topic #8:
LOC101884673, LOC101884976, LOC101882129, LOC101885172, LOC101884974, LOC101882591, LOC101883131, LOC101882744, LOC101882593, LOC101885368
Perplexity: 4873

8	4873.215032746006
+++++++++++++++++++++++++++++++++++++++++++++++++++++++++++++++

TIME STEP: 18
+++++++++++++++++++++++++++++++++++++++++++++++++++++++++++++++
Loading file for time 18...
Binarizing data with cutoff 0.0
Performing feature selection with variance threshold
Removing features that are the same in at least 0.1 samples
Data size: (6962, 7586)
Number of topics	Perplexity
Fitting 2 topics...
=================================================================
Average fit time: 422
Accuracy: -41807127 (+/- 9921994)

Topic #1:
LOC103910337, LOC103909619, LOC103909310, LOC103910527, LOC103909311, LOC101884913, LOC101885646, LOC101882576, LOC103909312, LOC100006339
Topic #2:
LOC100333394, LOC101886648, LOC103910255, LOC101883706, LOC101887134, LOC101886650, LOC101882703, LOC101884741, LOC101883773, LOC101885149
Perplexity: 5809

2	5809.047519978297
Fitting 3 topics...
=================================================================
Average fit time: 453
Accuracy: -41769117 (+/- 9961168)

Topic #1:
LOC101882131, LOC101884748, LOC103909302, LOC100537890, LOC101884643, LOC100332217, LOC101884722, LOC101882822, LOC100535969, LOC101882818
Topic #2:
LOC103909886, LOC101884216, LOC100333394, LOC101883705, LOC101882703, LOC101883706, LOC103909888, LOC101887134, LOC103910255, LOC101884741
Topic #3:
LOC100330136, LOC103910527, LOC101886923, LOC101885646, LOC101884913, LOC103909619, LOC103909312, LOC103909311, LOC100006339, LOC101883382
Perplexity: 5671

3	5671.672267582127
Fitting 4 topics...
=================================================================
Average fit time: 531
Accuracy: -41787246 (+/- 9962376)

Topic #1:
LOC103909888, LOC101887001, LOC101883705, LOC103909886, LOC101882721, LOC101882704, LOC101883706, LOC100333394, LOC101884741, LOC103910253
Topic #2:
LOC100334753, LOC103909619, LOC103909312, LOC103910527, LOC100330290, LOC103909311, LOC100006339, LOC100001827, LOC100151026, LOC101883382
Topic #3:
LOC101885149, LOC100333021, LOC103909356, LOC101886268, LOC103909202, LOC101887134, LOC101883238, LOC103910255, LOC101886648, LOC101886650
Topic #4:
LOC101884643, LOC100537890, LOC101882811, LOC103908773, LOC101884722, LOC103909302, LOC100535969, LOC101882822, LOC100332217, LOC101882818
Perplexity: 5608

4	5608.092884482791
Fitting 5 topics...
=================================================================
Average fit time: 653
Accuracy: -41806438 (+/- 9968449)

Topic #1:
LOC101882811, LOC101882131, LOC101884643, LOC101884722, LOC103909302, LOC100537890, LOC101882818, LOC100535969, LOC101882822, LOC100332217
Topic #2:
LOC101886939, LOC103910341, LOC103909311, LOC100538174, LOC101885262, LOC100537163, LOC100006339, LOC100001827, LOC100151026, LOC101883382
Topic #3:
LOC103909288, LOC100331026, LOC101882092, LOC101884713, LOC101887001, LOC101884913, LOC100333394, LOC101882721, LOC101882704, LOC103910253
Topic #4:
LOC103909202, LOC101882851, LOC103909888, LOC101884216, LOC101887134, LOC101882195, LOC101884741, LOC103910255, LOC103909204, LOC103909199
Topic #5:
LOC101884407, LOC101885149, LOC100330598, LOC101886650, LOC100538279, LOC101883771, LOC101883761, LOC101883136, LOC101883770, LOC103910404
Perplexity: 5588

5	5588.921120809329
Fitting 6 topics...
=================================================================
Average fit time: 664
Accuracy: -41822085 (+/- 9978857)

Topic #1:
LOC101882576, LOC100333141, LOC100007229, LOC101885717, LOC100004253, LOC101882029, LOC101886336, LOC101886909, LOC100006339, LOC103908834
Topic #2:
LOC101883361, LOC100332358, LOC100535969, LOC103910404, LOC103909740, LOC103910271, LOC101886268, LOC103909598, LOC101884304, LOC100332991
Topic #3:
LOC103908773, LOC101882495, LOC101884721, LOC101883934, LOC101884722, LOC101884643, LOC101882818, LOC100332217, LOC101882811, LOC101882822
Topic #4:
LOC103909099, LOC101882721, LOC103910738, LOC101882704, LOC100333394, LOC103909888, LOC103910253, LOC103909886, LOC103909197, LOC101884741
Topic #5:
LOC100538266, LOC101882851, LOC101884741, LOC103909204, LOC101887134, LOC103909199, LOC101886648, LOC101886650, LOC101885149, LOC103910255
Topic #6:
LOC100535405, LOC100535410, LOC100001827, LOC101883376, LOC100537536, LOC101885262, LOC100333871, LOC101883382, LOC100333355, LOC100537246
Perplexity: 5596

6	5596.173667395267
Fitting 7 topics...
=================================================================
Average fit time: 721
Accuracy: -41823388 (+/- 9946832)

Topic #1:
LOC101885865, LOC101884720, LOC103909302, LOC101882199, LOC100535660, LOC101882818, LOC101882822, LOC101882811, LOC100330243, LOC100332217
Topic #2:
LOC101883141, LOC100149475, LOC101883376, LOC103910341, LOC100333871, LOC100001827, LOC101885262, LOC100333355, LOC100537246, LOC101883382
Topic #3:
LOC101883773, LOC101883763, LOC101883768, LOC100333021, LOC101884748, LOC100332358, LOC101883770, LOC101883761, LOC101883771, LOC103910404
Topic #4:
LOC101886577, LOC101886102, LOC101886336, LOC100333141, LOC101886909, LOC100006331, LOC100007229, LOC100006339, LOC101885717, LOC103908834
Topic #5:
LOC103909197, LOC100537030, LOC100333394, LOC101882704, LOC103909886, LOC101883706, LOC101882721, LOC103909888, LOC103910253, LOC101884741
Topic #6:
LOC100331367, LOC101882086, LOC101884748, LOC101883361, LOC101883763, LOC101885865, LOC101883761, LOC100537890, LOC101884721, LOC101885149
Topic #7:
LOC101887134, LOC101883933, LOC103910255, LOC100537265, LOC101883238, LOC101886648, LOC103909102, LOC103909740, LOC101886650, LOC100332991
Perplexity: 5549

7	5549.04908619626
Fitting 8 topics...
=================================================================
Average fit time: 642
Accuracy: -41850953 (+/- 9930607)

Topic #1:
LOC101884722, LOC100535969, LOC101885865, LOC101885163, LOC100332358, LOC103909302, LOC101882495, LOC100537890, LOC101882818, LOC103908773
Topic #2:
LOC101883973, LOC101883892, LOC100148917, LOC101884422, LOC103909740, LOC100331288, LOC100002327, LOC100537265, LOC100000110, LOC103910492
Topic #3:
LOC100332191, LOC101883662, LOC101887001, LOC103909092, LOC101884913, LOC101882721, LOC101882704, LOC101882092, LOC100147988, LOC103910253
Topic #4:
LOC100333355, LOC103910341, LOC100537246, LOC100334753, LOC100006339, LOC101886939, LOC101885262, LOC100151026, LOC100001827, LOC101883382
Topic #5:
LOC100333352, LOC100537265, LOC101883293, LOC100330546, LOC100333416, LOC101883257, LOC103909951, LOC103909740, LOC101885478, LOC101884897
Topic #6:
LOC101886268, LOC101883761, LOC100333290, LOC103909356, LOC101886648, LOC101886650, LOC100536175, LOC101884398, LOC103908971, LOC101883238
Topic #7:
LOC101884721, LOC101884643, LOC101884748, LOC101882811, LOC100003275, LOC101882818, LOC101885717, LOC100006339, LOC101882822, LOC100332217
Topic #8:
LOC103909888, LOC100148296, LOC101883584, LOC101884216, LOC100334401, LOC103909204, LOC101882195, LOC103910255, LOC101884741, LOC103909199
Perplexity: 5519

8	5519.177851917305
+++++++++++++++++++++++++++++++++++++++++++++++++++++++++++++++

TIME STEP: 24
+++++++++++++++++++++++++++++++++++++++++++++++++++++++++++++++
Loading file for time 24...
Binarizing data with cutoff 0.0
Performing feature selection with variance threshold
Removing features that are the same in at least 0.1 samples
Data size: (7969, 5621)
Number of topics	Perplexity
Fitting 2 topics...
=================================================================
Average fit time: 406
Accuracy: -33942373 (+/- 1263037)

Topic #1:
LOC101882063, LOC101884739, LOC101885627, LOC100536922, LOC101882918, LOC101883924, LOC101886268, LOC101882064, LOC100534821, LOC100536657
Topic #2:
LOC100536883, LOC101884405, LOC100329378, LOC101886589, LOC101882560, LOC100331895, LOC100331852, LOC101883052, LOC103908688, LOC100149700
Perplexity: 4526

2	4526.869764439838
Fitting 3 topics...
=================================================================
Average fit time: 473
Accuracy: -33906721 (+/- 1263668)

Topic #1:
LOC101886323, LOC101882264, LOC100536673, LOC101882628, LOC100536657, LOC101883924, LOC101882063, LOC100536659, LOC101886933, LOC101882064
Topic #2:
LOC100334411, LOC100329252, LOC100537432, LOC100332885, LOC100536890, LOC101886498, LOC101882831, LOC101882924, LOC100536377, LOC100535107
Topic #3:
LOC101883924, LOC100534821, LOC100001393, LOC101886266, LOC100536657, LOC101882918, LOC100536922, LOC101886719, LOC101886268, LOC101884739
Perplexity: 4384

3	4384.8492431100985
Fitting 4 topics...
=================================================================
Average fit time: 560
Accuracy: -33891479 (+/- 1247533)

Topic #1:
LOC101882064, LOC101884650, LOC100534821, LOC101886266, LOC101883052, LOC101882918, LOC101884415, LOC100536659, LOC101886714, LOC100334716
Topic #2:
LOC101882128, LOC100535291, LOC101883261, LOC101886268, LOC101884388, LOC101884387, LOC101886719, LOC101885627, LOC100536922, LOC101884739
Topic #3:
LOC100149074, LOC101883616, LOC100331381, LOC101886136, LOC101884582, LOC101887045, LOC101886139, LOC100535364, LOC100000884, LOC100537805
Topic #4:
LOC101882717, LOC101882831, LOC101882924, LOC101885558, LOC100332744, LOC100535107, LOC100536867, LOC101886498, LOC100536887, LOC100329252
Perplexity: 4255

4	4255.144259008012
Fitting 5 topics...
=================================================================
Average fit time: 606
Accuracy: -33900970 (+/- 1245746)

Topic #1:
LOC100536673, LOC101886933, LOC100149700, LOC101882264, LOC101883924, LOC101882063, LOC103908688, LOC101883052, LOC100536659, LOC101882064
Topic #2:
LOC101885627, LOC101886268, LOC101885432, LOC101885158, LOC101882618, LOC101882117, LOC101884388, LOC100001393, LOC101884739, LOC101884387
Topic #3:
LOC100150048, LOC100329833, LOC100329836, LOC100537602, LOC101886362, LOC100537679, LOC101883043, LOC100334931, LOC101883495, LOC101886095
Topic #4:
LOC100334411, LOC100149630, LOC101886486, LOC101884009, LOC100147988, LOC100149540, LOC100331852, LOC100329378, LOC101886498, LOC100536377
Topic #5:
LOC101883153, LOC100148170, LOC100536887, LOC100001718, LOC100333406, LOC101884965, LOC101882924, LOC101882831, LOC100535107, LOC101882910
Perplexity: 4233

5	4233.117418749905
Fitting 6 topics...
=================================================================
Average fit time: 619
Accuracy: -33899022 (+/- 1251351)

Topic #1:
LOC101883131, LOC100536377, LOC100147899, LOC100002895, LOC100149074, LOC100329489, LOC100149080, LOC100005864, LOC101886823, LOC100537805
Topic #2:
LOC101882905, LOC100536890, LOC101883602, LOC100333406, LOC101882831, LOC101882924, LOC100536887, LOC100329330, LOC101882910, LOC100535107
Topic #3:
LOC101883261, LOC100536377, LOC101883985, LOC100004078, LOC100003854, LOC100150236, LOC101887045, LOC100147988, LOC100141478, LOC100003716
Topic #4:
LOC101884650, LOC100536673, LOC100536659, LOC101886268, LOC101886266, LOC101882583, LOC101882918, LOC101886714, LOC101884415, LOC100334716
Topic #5:
LOC100329836, LOC101886362, LOC100001393, LOC100537602, LOC100537679, LOC101885436, LOC100334931, LOC101883043, LOC101886095, LOC101883495
Topic #6:
LOC101885627, LOC101882128, LOC100007086, LOC101882112, LOC100535291, LOC100537403, LOC101886719, LOC101883261, LOC100536922, LOC101882117
Perplexity: 4227

6	4227.07632567157
Fitting 7 topics...
=================================================================
Average fit time: 653
Accuracy: -33923527 (+/- 1228786)

Topic #1:
LOC100535473, LOC101882918, LOC101886268, LOC101886266, LOC101886714, LOC100330526, LOC100001827, LOC100334716, LOC101882583, LOC101884415
Topic #2:
LOC100332843, LOC101885571, LOC100007585, LOC100005864, LOC100329489, LOC101882560, LOC103908688, LOC101886823, LOC100536377, LOC100537805
Topic #3:
LOC100536326, LOC101884876, LOC101883711, LOC100001286, LOC100536626, LOC100536608, LOC100148950, LOC100535756, LOC100147920, LOC100331956
Topic #4:
LOC100333435, LOC101885436, LOC101882918, LOC101885432, LOC100001259, LOC101886719, LOC101885431, LOC100537960, LOC100333415, LOC100538195
Topic #5:
LOC101884965, LOC101885908, LOC101882831, LOC100536890, LOC101882924, LOC100329330, LOC100536887, LOC100333406, LOC100535107, LOC101882910
Topic #6:
LOC101882117, LOC101884116, LOC101883261, LOC101885158, LOC101882618, LOC101884387, LOC100333916, LOC101882260, LOC101884388, LOC100537585
Topic #7:
LOC101882063, LOC100537805, LOC100331381, LOC100000884, LOC100331388, LOC101884162, LOC100537703, LOC101885017, LOC100535364, LOC101886139
Perplexity: 4194

7	4194.179651328657
Fitting 8 topics...
=================================================================
Average fit time: 598
Accuracy: -33936849 (+/- 1247498)

Topic #1:
LOC100535291, LOC101884388, LOC100537394, LOC100537403, LOC100149387, LOC101886276, LOC100537392, LOC101882260, LOC100007883, LOC100537401
Topic #2:
LOC101882618, LOC101882659, LOC101882114, LOC100329378, LOC100330275, LOC100537771, LOC101882112, LOC101882109, LOC101882105, LOC101882116
Topic #3:
LOC101883350, LOC101882015, LOC103908688, LOC101882264, LOC101882064, LOC101884596, LOC100149700, LOC101883052, LOC101886933, LOC100535473
Topic #4:
LOC100333435, LOC101886889, LOC100333415, LOC100536429, LOC101885436, LOC100001393, LOC100537960, LOC101884914, LOC101885432, LOC100538195
Topic #5:
LOC100330163, LOC100330557, LOC101885723, LOC100334931, LOC100537679, LOC100329836, LOC101886362, LOC100537602, LOC101883495, LOC101883043
Topic #6:
LOC100535107, LOC101883153, LOC101882924, LOC101882910, LOC100329252, LOC100333406, LOC101886444, LOC100329330, LOC101885908, LOC100536887
Topic #7:
LOC101883985, LOC100330143, LOC101886904, LOC101885457, LOC101885017, LOC100000884, LOC101884582, LOC100537805, LOC101886139, LOC100535364
Topic #8:
LOC100149563, LOC100003716, LOC100147920, LOC101885407, LOC100147988, LOC101885159, LOC100149959, LOC101884009, LOC100147871, LOC101886926
Perplexity: 4167

8	4167.412700545301
+++++++++++++++++++++++++++++++++++++++++++++++++++++++++++++++

